
> vibe-generated-app@1.0.0 dev
> vite


  VITE v5.4.20  ready in 355 ms

  ➜  Local:   http://localhost:3000/
  ➜  Network: http://172.20.32.173:3000/
5:10:03 PM [vite] Pre-transform error: Failed to resolve import "chart.js" from "src/components/ChartsPanel.jsx". Does the file exist?
5:10:04 PM [vite] Internal server error: Failed to resolve import "chart.js" from "src/components/ChartsPanel.jsx". Does the file exist?
  Plugin: vite:import-analysis
  File: /home/workspace/src/components/ChartsPanel.jsx:12:7
  11 |    Tooltip,
  12 |    Legend
  13 |  } from "chart.js";
     |          ^
  14 |  import { Bar, Line } from "react-chartjs-2";
  15 |  ChartJS.register(
      at TransformPluginContext._formatError (file:///home/workspace/node_modules/vite/dist/node/chunks/dep-D_zLpgQd.js:49258:41)
      at TransformPluginContext.error (file:///home/workspace/node_modules/vite/dist/node/chunks/dep-D_zLpgQd.js:49253:16)
      at normalizeUrl (file:///home/workspace/node_modules/vite/dist/node/chunks/dep-D_zLpgQd.js:64306:23)
      at process.processTicksAndRejections (node:internal/process/task_queues:105:5)
      at async file:///home/workspace/node_modules/vite/dist/node/chunks/dep-D_zLpgQd.js:64438:39
      at async Promise.all (index 3)
      at async TransformPluginContext.transform (file:///home/workspace/node_modules/vite/dist/node/chunks/dep-D_zLpgQd.js:64365:7)
      at async PluginContainer.transform (file:///home/workspace/node_modules/vite/dist/node/chunks/dep-D_zLpgQd.js:49099:18)
      at async loadAndTransform (file:///home/workspace/node_modules/vite/dist/node/chunks/dep-D_zLpgQd.js:51977:27)
      at async viteTransformMiddleware (file:///home/workspace/node_modules/vite/dist/node/chunks/dep-D_zLpgQd.js:62105:24)
5:10:19 PM [vite] Internal server error: Failed to resolve import "chart.js" from "src/components/ChartsPanel.jsx". Does the file exist?
  Plugin: vite:import-analysis
  File: /home/workspace/src/components/ChartsPanel.jsx:12:7
  11 |    Tooltip,
  12 |    Legend
  13 |  } from "chart.js";
     |          ^
  14 |  import { Bar, Line } from "react-chartjs-2";
  15 |  ChartJS.register(
      at TransformPluginContext._formatError (file:///home/workspace/node_modules/vite/dist/node/chunks/dep-D_zLpgQd.js:49258:41)
      at TransformPluginContext.error (file:///home/workspace/node_modules/vite/dist/node/chunks/dep-D_zLpgQd.js:49253:16)
      at normalizeUrl (file:///home/workspace/node_modules/vite/dist/node/chunks/dep-D_zLpgQd.js:64306:23)
      at process.processTicksAndRejections (node:internal/process/task_queues:105:5)
      at async file:///home/workspace/node_modules/vite/dist/node/chunks/dep-D_zLpgQd.js:64438:39
      at async Promise.all (index 3)
      at async TransformPluginContext.transform (file:///home/workspace/node_modules/vite/dist/node/chunks/dep-D_zLpgQd.js:64365:7)
      at async PluginContainer.transform (file:///home/workspace/node_modules/vite/dist/node/chunks/dep-D_zLpgQd.js:49099:18)
      at async loadAndTransform (file:///home/workspace/node_modules/vite/dist/node/chunks/dep-D_zLpgQd.js:51977:27)
      at async viteTransformMiddleware (file:///home/workspace/node_modules/vite/dist/node/chunks/dep-D_zLpgQd.js:62105:24)
